my territories ['JAPAN', 'URAL', 'WESTERN_AUSTRALIA']
bordering enemies ['SIBERIA', 'MONGOLIA']
adjacent to target ['YAKUTSK', 'URAL', 'CHINA', 'MONGOLIA', 'IRKUTSK']
my territories ['IRKUTSK', 'JAPAN', 'MIDDLE_EAST', 'MONGOLIA', 'URAL']
bordering enemies ['SOUTHERN_EUROPE']
adjacent to target ['MIDDLE_EAST', 'UKRAINE', 'NORTHERN_EUROPE', 'WESTERN_EUROPE', 'NORTH_AFRICA', 'EGYPT']
my territories ['JAPAN', 'MIDDLE_EAST']
bordering enemies ['EAST_AFRICA', 'EGYPT', 'SOUTHERN_EUROPE', 'UKRAINE', 'AFGHANISTAN', 'INDIA', 'KAMCHATKA', 'MONGOLIA']
adjacent to target ['MIDDLE_EAST', 'EGYPT', 'NORTH_AFRICA', 'CONGO', 'SOUTH_AFRICA', 'MADAGASCAR']
my territories ['JAPAN']
bordering enemies ['MONGOLIA']
adjacent to target ['JAPAN', 'KAMCHATKA', 'IRKUTSK', 'SIBERIA', 'CHINA']
my territories ['CENTRAL_AMERICA', 'EASTERN_US', 'GREENLAND', 'ONTARIO', 'WESTERN_US', 'ICELAND', 'NORTHERN_EUROPE', 'SCANDINAVIA', 'SOUTHERN_EUROPE', 'JAPAN', 'KAMCHATKA', 'ARGENTINA', 'BRAZIL', 'VENEZUELA', 'PERU', 'CONGO', 'EAST_AFRICA', 'EGYPT', 'NORTH_AFRICA']
bordering enemies ['ALASKA', 'ALBERTA', 'MADAGASCAR', 'NORTHWEST_TERRITORY', 'SOUTH_AFRICA', 'QUEBEC', 'IRKUTSK', 'MONGOLIA']
adjacent to target ['ALBERTA', 'NORTHWEST_TERRITORY', 'KAMCHATKA']
my territories ['EASTERN_US', 'GREENLAND', 'NORTHWEST_TERRITORY', 'ONTARIO', 'SOUTHERN_EUROPE', 'JAPAN']
bordering enemies ['ALASKA', 'ALBERTA', 'CENTRAL_AMERICA', 'EGYPT', 'NORTH_AFRICA', 'QUEBEC', 'WESTERN_US', 'ICELAND', 'NORTHERN_EUROPE', 'UKRAINE', 'KAMCHATKA', 'MONGOLIA']
adjacent to target ['ALBERTA', 'NORTHWEST_TERRITORY', 'KAMCHATKA']
my territories ['JAPAN']
bordering enemies ['MONGOLIA']
adjacent to target ['JAPAN', 'KAMCHATKA', 'IRKUTSK', 'SIBERIA', 'CHINA']
my territories ['EASTERN_US', 'QUEBEC', 'JAPAN', 'KAMCHATKA', 'NEW_GUINEA']
bordering enemies ['ALASKA', 'GREENLAND', 'ONTARIO', 'MONGOLIA']
adjacent to target ['ALBERTA', 'NORTHWEST_TERRITORY', 'KAMCHATKA']
my territories ['AFGHANISTAN', 'CHINA', 'IRKUTSK', 'JAPAN', 'KAMCHATKA', 'MONGOLIA', 'SIAM', 'SIBERIA', 'URAL', 'YAKUTSK', 'NEW_GUINEA', 'INDONESIA']
bordering enemies ['ALASKA']
adjacent to target ['ALBERTA', 'NORTHWEST_TERRITORY', 'KAMCHATKA']
my territories ['CENTRAL_AMERICA', 'ONTARIO', 'WESTERN_EUROPE', 'JAPAN', 'MONGOLIA', 'YAKUTSK']
bordering enemies ['ALBERTA', 'EASTERN_US', 'GREENLAND', 'NORTHWEST_TERRITORY', 'QUEBEC', 'WESTERN_US', 'GREAT_BRITAIN', 'CHINA', 'IRKUTSK', 'KAMCHATKA', 'SIBERIA']
adjacent to target ['ONTARIO', 'NORTHWEST_TERRITORY', 'ALASKA', 'WESTERN_US']
my territories ['CENTRAL_AMERICA', 'ONTARIO', 'WESTERN_EUROPE', 'JAPAN', 'MONGOLIA', 'SIBERIA', 'YAKUTSK', 'EASTERN_AUSTRALIA', 'WESTERN_AUSTRALIA']
bordering enemies ['ALBERTA', 'EASTERN_US', 'QUEBEC', 'WESTERN_US', 'IRKUTSK', 'KAMCHATKA']
adjacent to target ['ONTARIO', 'NORTHWEST_TERRITORY', 'ALASKA', 'WESTERN_US']
my territories ['CENTRAL_AMERICA', 'WESTERN_EUROPE', 'EASTERN_AUSTRALIA', 'WESTERN_AUSTRALIA']
bordering enemies ['NORTH_AFRICA', 'NEW_GUINEA', 'INDONESIA', 'SOUTHERN_EUROPE', 'VENEZUELA']
adjacent to target ['EAST_AFRICA', 'EGYPT', 'SOUTHERN_EUROPE', 'WESTERN_EUROPE', 'BRAZIL', 'CONGO']
my territories ['WESTERN_EUROPE']
bordering enemies ['GREAT_BRITAIN', 'NORTHERN_EUROPE']
adjacent to target ['NORTHERN_EUROPE', 'SCANDINAVIA', 'ICELAND', 'WESTERN_EUROPE']
