my territories ['CHINA', 'IRKUTSK', 'JAPAN', 'KAMCHATKA', 'MIDDLE_EAST', 'MONGOLIA', 'SIBERIA', 'URAL', 'YAKUTSK', 'BRAZIL', 'CONGO']
bordering enemies ['SOUTH_AFRICA']
adjacent to target ['MADAGASCAR', 'EAST_AFRICA', 'CONGO']
my territories ['SCANDINAVIA', 'UKRAINE', 'IRKUTSK', 'JAPAN', 'KAMCHATKA', 'MONGOLIA', 'SIBERIA', 'URAL', 'YAKUTSK', 'ARGENTINA', 'PERU', 'MADAGASCAR', 'SOUTH_AFRICA', 'NEW_GUINEA']
bordering enemies ['CONGO', 'EAST_AFRICA', 'EASTERN_AUSTRALIA', 'INDONESIA', 'GREAT_BRITAIN', 'ICELAND', 'NORTHERN_EUROPE', 'WESTERN_AUSTRALIA', 'SOUTHERN_EUROPE', 'AFGHANISTAN', 'CHINA', 'MIDDLE_EAST']
adjacent to target ['EAST_AFRICA', 'NORTH_AFRICA', 'SOUTH_AFRICA']
my territories ['SCANDINAVIA', 'UKRAINE', 'AFGHANISTAN', 'CHINA', 'INDIA', 'IRKUTSK', 'JAPAN', 'KAMCHATKA', 'MONGOLIA', 'SIAM', 'SIBERIA', 'URAL', 'YAKUTSK', 'MADAGASCAR', 'SOUTH_AFRICA', 'EASTERN_AUSTRALIA', 'NEW_GUINEA', 'INDONESIA', 'WESTERN_AUSTRALIA']
bordering enemies ['GREAT_BRITAIN', 'ICELAND', 'MIDDLE_EAST']
adjacent to target ['NORTHERN_EUROPE', 'SCANDINAVIA', 'ICELAND', 'WESTERN_EUROPE']
my territories ['ONTARIO', 'SCANDINAVIA', 'UKRAINE', 'AFGHANISTAN', 'CHINA', 'INDIA', 'IRKUTSK', 'JAPAN', 'KAMCHATKA', 'MONGOLIA', 'SIAM', 'SIBERIA', 'URAL', 'YAKUTSK', 'MADAGASCAR', 'SOUTH_AFRICA', 'EASTERN_AUSTRALIA', 'NEW_GUINEA', 'INDONESIA', 'WESTERN_AUSTRALIA']
bordering enemies ['CONGO', 'ALBERTA', 'EAST_AFRICA', 'EASTERN_US', 'GREENLAND', 'NORTHWEST_TERRITORY', 'QUEBEC', 'WESTERN_US', 'GREAT_BRITAIN', 'ICELAND', 'NORTHERN_EUROPE', 'SOUTHERN_EUROPE', 'MIDDLE_EAST']
adjacent to target ['EAST_AFRICA', 'NORTH_AFRICA', 'SOUTH_AFRICA']
my territories ['NORTHERN_EUROPE', 'SCANDINAVIA', 'SOUTHERN_EUROPE', 'UKRAINE', 'AFGHANISTAN', 'CHINA', 'INDIA', 'IRKUTSK', 'JAPAN', 'KAMCHATKA', 'MIDDLE_EAST', 'MONGOLIA', 'SIAM', 'SIBERIA', 'URAL', 'YAKUTSK', 'ARGENTINA', 'BRAZIL', 'VENEZUELA', 'PERU', 'CONGO', 'EAST_AFRICA', 'EGYPT', 'MADAGASCAR', 'NORTH_AFRICA', 'SOUTH_AFRICA', 'EASTERN_AUSTRALIA', 'NEW_GUINEA', 'INDONESIA', 'WESTERN_AUSTRALIA']
bordering enemies ['GREAT_BRITAIN', 'CENTRAL_AMERICA', 'ICELAND', 'WESTERN_EUROPE']
adjacent to target ['NORTHERN_EUROPE', 'SCANDINAVIA', 'ICELAND', 'WESTERN_EUROPE']
my territories ['CENTRAL_AMERICA', 'ONTARIO', 'SOUTHERN_EUROPE', 'WESTERN_EUROPE', 'IRKUTSK', 'JAPAN', 'KAMCHATKA', 'MIDDLE_EAST', 'MONGOLIA', 'SIBERIA', 'URAL', 'YAKUTSK', 'ARGENTINA', 'BRAZIL', 'VENEZUELA', 'PERU', 'CONGO', 'EAST_AFRICA', 'EGYPT', 'MADAGASCAR', 'NORTH_AFRICA', 'SOUTH_AFRICA']
bordering enemies ['ALASKA']
adjacent to target ['ALBERTA', 'NORTHWEST_TERRITORY', 'KAMCHATKA']
my territories ['ONTARIO', 'GREAT_BRITAIN', 'ICELAND', 'NORTHERN_EUROPE', 'SCANDINAVIA', 'SOUTHERN_EUROPE', 'UKRAINE', 'WESTERN_EUROPE', 'MIDDLE_EAST', 'ARGENTINA', 'PERU', 'CONGO', 'EAST_AFRICA', 'EGYPT', 'MADAGASCAR', 'NORTH_AFRICA', 'SOUTH_AFRICA', 'NEW_GUINEA']
bordering enemies ['ALBERTA', 'EASTERN_US', 'GREENLAND', 'NORTHWEST_TERRITORY', 'EASTERN_AUSTRALIA', 'QUEBEC', 'WESTERN_US', 'INDONESIA', 'WESTERN_AUSTRALIA', 'AFGHANISTAN', 'INDIA', 'URAL', 'BRAZIL', 'VENEZUELA']
adjacent to target ['ONTARIO', 'NORTHWEST_TERRITORY', 'ALASKA', 'WESTERN_US']
my territories ['ALASKA', 'ALBERTA', 'CENTRAL_AMERICA', 'EASTERN_US', 'GREENLAND', 'NORTHWEST_TERRITORY', 'ONTARIO', 'QUEBEC', 'WESTERN_US', 'GREAT_BRITAIN', 'ICELAND', 'NORTHERN_EUROPE', 'SCANDINAVIA', 'SOUTHERN_EUROPE', 'UKRAINE', 'WESTERN_EUROPE', 'KAMCHATKA', 'MIDDLE_EAST', 'YAKUTSK', 'ARGENTINA', 'PERU', 'CONGO', 'EAST_AFRICA', 'EGYPT', 'MADAGASCAR', 'NORTH_AFRICA', 'SOUTH_AFRICA', 'EASTERN_AUSTRALIA']
bordering enemies ['NEW_GUINEA', 'WESTERN_AUSTRALIA', 'AFGHANISTAN', 'INDIA', 'IRKUTSK', 'JAPAN', 'MONGOLIA', 'SIBERIA', 'URAL', 'BRAZIL', 'VENEZUELA']
adjacent to target ['INDONESIA', 'WESTERN_AUSTRALIA', 'EASTERN_AUSTRALIA']
my territories ['EASTERN_US', 'ONTARIO', 'QUEBEC', 'NORTHERN_EUROPE', 'SCANDINAVIA', 'INDIA', 'KAMCHATKA', 'MIDDLE_EAST', 'YAKUTSK', 'ARGENTINA', 'PERU', 'MADAGASCAR', 'SOUTH_AFRICA']
bordering enemies ['ALASKA', 'ALBERTA', 'CENTRAL_AMERICA', 'GREENLAND', 'NORTHWEST_TERRITORY', 'WESTERN_US', 'GREAT_BRITAIN', 'ICELAND', 'SOUTHERN_EUROPE', 'UKRAINE', 'WESTERN_EUROPE', 'AFGHANISTAN', 'CHINA', 'IRKUTSK', 'JAPAN', 'MONGOLIA', 'SIAM', 'SIBERIA', 'BRAZIL', 'VENEZUELA', 'CONGO', 'EAST_AFRICA', 'EGYPT']
adjacent to target ['ALBERTA', 'NORTHWEST_TERRITORY', 'KAMCHATKA']
my territories ['ALASKA', 'ALBERTA', 'CENTRAL_AMERICA', 'EASTERN_US', 'GREENLAND', 'NORTHWEST_TERRITORY', 'ONTARIO', 'QUEBEC', 'WESTERN_US', 'WESTERN_EUROPE', 'KAMCHATKA', 'YAKUTSK', 'ARGENTINA', 'BRAZIL', 'VENEZUELA', 'PERU', 'MADAGASCAR', 'SOUTH_AFRICA', 'NEW_GUINEA']
bordering enemies ['CONGO', 'EAST_AFRICA', 'NORTH_AFRICA', 'EASTERN_AUSTRALIA', 'INDONESIA', 'GREAT_BRITAIN', 'ICELAND', 'NORTHERN_EUROPE', 'WESTERN_AUSTRALIA', 'SOUTHERN_EUROPE', 'IRKUTSK', 'JAPAN', 'MONGOLIA', 'SIBERIA']
adjacent to target ['EAST_AFRICA', 'NORTH_AFRICA', 'SOUTH_AFRICA']
my territories ['ALASKA', 'ALBERTA', 'CENTRAL_AMERICA', 'EASTERN_US', 'GREENLAND', 'NORTHWEST_TERRITORY', 'ONTARIO', 'QUEBEC', 'WESTERN_US', 'WESTERN_EUROPE', 'KAMCHATKA', 'YAKUTSK', 'ARGENTINA', 'BRAZIL', 'VENEZUELA', 'PERU', 'MADAGASCAR', 'SOUTH_AFRICA', 'NEW_GUINEA']
bordering enemies ['CONGO', 'EAST_AFRICA', 'NORTH_AFRICA', 'EASTERN_AUSTRALIA', 'INDONESIA', 'GREAT_BRITAIN', 'ICELAND', 'NORTHERN_EUROPE', 'WESTERN_AUSTRALIA', 'SOUTHERN_EUROPE', 'IRKUTSK', 'JAPAN', 'MONGOLIA', 'SIBERIA']
adjacent to target ['EAST_AFRICA', 'NORTH_AFRICA', 'SOUTH_AFRICA']
my territories ['ALASKA', 'ALBERTA', 'CENTRAL_AMERICA', 'EASTERN_US', 'GREENLAND', 'NORTHWEST_TERRITORY', 'ONTARIO', 'QUEBEC', 'WESTERN_US', 'SOUTHERN_EUROPE', 'WESTERN_EUROPE', 'KAMCHATKA', 'YAKUTSK', 'ARGENTINA', 'BRAZIL', 'VENEZUELA', 'PERU', 'EGYPT', 'MADAGASCAR', 'SOUTH_AFRICA', 'NEW_GUINEA']
bordering enemies ['CONGO', 'EAST_AFRICA', 'NORTH_AFRICA', 'EASTERN_AUSTRALIA', 'INDONESIA', 'GREAT_BRITAIN', 'ICELAND', 'NORTHERN_EUROPE', 'WESTERN_AUSTRALIA', 'UKRAINE', 'IRKUTSK', 'JAPAN', 'MIDDLE_EAST', 'MONGOLIA', 'SIBERIA']
adjacent to target ['EAST_AFRICA', 'NORTH_AFRICA', 'SOUTH_AFRICA']
my territories ['ALASKA', 'ALBERTA', 'CENTRAL_AMERICA', 'EASTERN_US', 'GREENLAND', 'NORTHWEST_TERRITORY', 'ONTARIO', 'QUEBEC', 'WESTERN_US', 'SOUTHERN_EUROPE', 'WESTERN_EUROPE', 'KAMCHATKA', 'YAKUTSK', 'ARGENTINA', 'BRAZIL', 'VENEZUELA', 'PERU', 'EGYPT', 'NORTH_AFRICA', 'NEW_GUINEA']
bordering enemies ['CONGO', 'EAST_AFRICA', 'EASTERN_AUSTRALIA', 'INDONESIA', 'GREAT_BRITAIN', 'ICELAND', 'NORTHERN_EUROPE', 'WESTERN_AUSTRALIA', 'UKRAINE', 'IRKUTSK', 'JAPAN', 'MIDDLE_EAST', 'MONGOLIA', 'SIBERIA']
adjacent to target ['EAST_AFRICA', 'NORTH_AFRICA', 'SOUTH_AFRICA']
my territories ['ALASKA', 'ALBERTA', 'CENTRAL_AMERICA', 'EASTERN_US', 'GREENLAND', 'NORTHWEST_TERRITORY', 'ONTARIO', 'QUEBEC', 'WESTERN_US', 'SOUTHERN_EUROPE', 'WESTERN_EUROPE', 'KAMCHATKA', 'YAKUTSK', 'ARGENTINA', 'BRAZIL', 'VENEZUELA', 'PERU', 'MADAGASCAR', 'SOUTH_AFRICA', 'NEW_GUINEA']
bordering enemies ['CONGO', 'EAST_AFRICA', 'EGYPT', 'NORTH_AFRICA', 'EASTERN_AUSTRALIA', 'INDONESIA', 'GREAT_BRITAIN', 'ICELAND', 'NORTHERN_EUROPE', 'WESTERN_AUSTRALIA', 'UKRAINE', 'IRKUTSK', 'JAPAN', 'MIDDLE_EAST', 'MONGOLIA', 'SIBERIA']
adjacent to target ['EAST_AFRICA', 'NORTH_AFRICA', 'SOUTH_AFRICA']
my territories ['ALASKA', 'ALBERTA', 'CENTRAL_AMERICA', 'EASTERN_US', 'ONTARIO', 'QUEBEC', 'WESTERN_US', 'SOUTHERN_EUROPE', 'WESTERN_EUROPE', 'AFGHANISTAN', 'CHINA', 'INDIA', 'KAMCHATKA', 'MIDDLE_EAST', 'SIAM', 'YAKUTSK', 'ARGENTINA', 'BRAZIL', 'VENEZUELA', 'PERU', 'CONGO', 'EAST_AFRICA', 'EGYPT', 'MADAGASCAR', 'NORTH_AFRICA', 'SOUTH_AFRICA', 'EASTERN_AUSTRALIA', 'NEW_GUINEA', 'INDONESIA', 'WESTERN_AUSTRALIA']
bordering enemies ['GREENLAND', 'NORTHWEST_TERRITORY', 'GREAT_BRITAIN', 'NORTHERN_EUROPE', 'UKRAINE', 'IRKUTSK', 'JAPAN', 'MONGOLIA', 'SIBERIA', 'URAL']
adjacent to target ['NORTHWEST_TERRITORY', 'ONTARIO', 'QUEBEC', 'ICELAND']
my territories ['CENTRAL_AMERICA', 'QUEBEC', 'IRKUTSK', 'JAPAN', 'KAMCHATKA', 'MIDDLE_EAST', 'MONGOLIA', 'SIBERIA', 'URAL', 'YAKUTSK', 'ARGENTINA', 'BRAZIL', 'VENEZUELA', 'PERU', 'MADAGASCAR', 'SOUTH_AFRICA']
bordering enemies 