my territories ['ICELAND', 'CONGO', 'EAST_AFRICA', 'EASTERN_AUSTRALIA']
bordering enemies ['EGYPT', 'MADAGASCAR', 'NORTH_AFRICA', 'SOUTH_AFRICA', 'NEW_GUINEA', 'GREAT_BRITAIN', 'SCANDINAVIA', 'MIDDLE_EAST']
adjacent to target ['MIDDLE_EAST', 'SOUTHERN_EUROPE', 'NORTH_AFRICA', 'EAST_AFRICA']
my territories ['EASTERN_US', 'NORTHWEST_TERRITORY', 'ONTARIO', 'QUEBEC', 'ARGENTINA', 'PERU', 'CONGO', 'SOUTH_AFRICA', 'EASTERN_AUSTRALIA', 'NEW_GUINEA']
bordering enemies ['EAST_AFRICA', 'MADAGASCAR']
adjacent to target ['MIDDLE_EAST', 'EGYPT', 'NORTH_AFRICA', 'CONGO', 'SOUTH_AFRICA', 'MADAGASCAR']
my territories ['EASTERN_US', 'ONTARIO', 'QUEBEC', 'SIBERIA', 'YAKUTSK', 'ARGENTINA', 'PERU', 'MADAGASCAR', 'SOUTH_AFRICA']
bordering enemies ['URAL', 'IRKUTSK', 'KAMCHATKA', 'MONGOLIA']
adjacent to target ['SIBERIA', 'UKRAINE', 'AFGHANISTAN', 'CHINA']
my territories ['EASTERN_US', 'NORTHWEST_TERRITORY', 'QUEBEC', 'WESTERN_US', 'IRKUTSK', 'MONGOLIA', 'ARGENTINA', 'PERU', 'MADAGASCAR', 'SOUTH_AFRICA']
bordering enemies ['JAPAN']
adjacent to target ['KAMCHATKA', 'MONGOLIA']
my territories ['NORTHWEST_TERRITORY', 'QUEBEC', 'IRKUTSK', 'MONGOLIA', 'MADAGASCAR', 'SOUTH_AFRICA', 'EASTERN_AUSTRALIA', 'NEW_GUINEA']
bordering enemies ['ALASKA', 'ALBERTA', 'CONGO', 'EASTERN_US', 'GREENLAND', 'EAST_AFRICA', 'ONTARIO', 'JAPAN', 'KAMCHATKA']
adjacent to target ['ALBERTA', 'NORTHWEST_TERRITORY', 'KAMCHATKA']
my territories ['QUEBEC', 'MONGOLIA', 'MADAGASCAR', 'SOUTH_AFRICA', 'EASTERN_AUSTRALIA', 'NEW_GUINEA']
bordering enemies ['CONGO', 'EAST_AFRICA', 'EASTERN_US', 'GREENLAND', 'ONTARIO', 'JAPAN']
adjacent to target ['EAST_AFRICA', 'NORTH_AFRICA', 'SOUTH_AFRICA']
my territories ['QUEBEC', 'SCANDINAVIA', 'MONGOLIA', 'MADAGASCAR', 'SOUTH_AFRICA', 'EASTERN_AUSTRALIA', 'NEW_GUINEA']
bordering enemies ['JAPAN']
adjacent to target ['KAMCHATKA', 'MONGOLIA']
my territories ['ONTARIO', 'MONGOLIA']
bordering enemies ['ALBERTA', 'GREENLAND', 'NORTHWEST_TERRITORY', 'WESTERN_US', 'CHINA', 'IRKUTSK', 'SIBERIA']
adjacent to target ['ONTARIO', 'NORTHWEST_TERRITORY', 'ALASKA', 'WESTERN_US']
my territories ['GREENLAND', 'NORTHWEST_TERRITORY', 'ONTARIO']
bordering enemies ['ALASKA', 'ALBERTA', 'EASTERN_US', 'QUEBEC']
adjacent to target ['ALBERTA', 'NORTHWEST_TERRITORY', 'KAMCHATKA']
my territories ['NORTHWEST_TERRITORY', 'QUEBEC']
bordering enemies ['ALASKA', 'ALBERTA', 'EASTERN_US', 'GREENLAND', 'ONTARIO']
adjacent to target ['ALBERTA', 'NORTHWEST_TERRITORY', 'KAMCHATKA']
my territories ['EASTERN_US', 'QUEBEC', 'IRKUTSK', 'KAMCHATKA']
bordering enemies ['CENTRAL_AMERICA', 'ONTARIO', 'JAPAN', 'MONGOLIA', 'SIBERIA', 'YAKUTSK']
adjacent to target ['EASTERN_US', 'WESTERN_US', 'VENEZUELA']
my territories ['EASTERN_US', 'QUEBEC']
bordering enemies ['CENTRAL_AMERICA']
adjacent to target ['EASTERN_US', 'WESTERN_US', 'VENEZUELA']
my territories ['ALASKA', 'ALBERTA', 'EASTERN_US', 'GREENLAND', 'NORTHWEST_TERRITORY', 'QUEBEC', 'WESTERN_US', 'GREAT_BRITAIN', 'ICELAND', 'NORTHERN_EUROPE', 'SCANDINAVIA', 'UKRAINE', 'IRKUTSK', 'JAPAN', 'KAMCHATKA', 'MONGOLIA']
bordering enemies ['CENTRAL_AMERICA', 'WESTERN_EUROPE']
adjacent to target ['EASTERN_US', 'WESTERN_US', 'VENEZUELA']
my territories ['ALASKA', 'ALBERTA', 'CENTRAL_AMERICA', 'EASTERN_US', 'GREENLAND', 'NORTHWEST_TERRITORY', 'QUEBEC', 'WESTERN_US', 'IRKUTSK', 'JAPAN', 'KAMCHATKA', 'MONGOLIA', 'VENEZUELA']
bordering enemies ['ONTARIO', 'ICELAND', 'CHINA', 'SIBERIA', 'YAKUTSK', 'BRAZIL', 'PERU']
adjacent to target ['QUEBEC', 'GREENLAND', 'NORTHWEST_TERRITORY', 'ALBERTA', 'WESTERN_US', 'EASTERN_US']
my territories ['IRKUTSK', 'JAPAN', 'KAMCHATKA', 'MONGOLIA', 'VENEZUELA']
bordering enemies ['ALASKA', 'CENTRAL_AMERICA', 'CHINA', 'SIBERIA', 'YAKUTSK', 'BRAZIL', 'PERU']
adjacent to target ['ALBERTA', 'NORTHWEST_TERRITORY', 'KAMCHATKA']
my territories ['JAPAN', 'MONGOLIA', 'URAL']
bordering enemies ['UKRAINE', 'AFGHANISTAN', 'CHINA', 'IRKUTSK', 'KAMCHATKA', 'SIBERIA']
adjacent to target ['AFGHANISTAN', 'URAL', 'SCANDINAVIA', 'NORTHERN_EUROPE', 'SOUTHERN_EUROPE', 'MIDDLE_EAST']
my territories ['CENTRAL_AMERICA', 'EASTERN_US', 'NORTHERN_EUROPE', 'SOUTHERN_EUROPE', 'IRKUTSK', 'JAPAN', 'MONGOLIA', 'ARGENTINA', 'BRAZIL', 'VENEZUELA', 'PERU', 'CONGO', 'EAST_AFRICA', 'EGYPT', 'NORTH_AFRICA']
bordering enemies ['MADAGASCAR', 'SOUTH_AFRICA', 'ONTARIO', 'QUEBEC', 'WESTERN_US', 'GREAT_BRITAIN', 'SCANDINAVIA', 'UKRAINE', 'WESTERN_EUROPE', 'CHINA', 'KAMCHATKA', 'MIDDLE_EAST', 'SIBERIA', 'YAKUTSK']
adjacent to target ['EAST_AFRICA', 'SOUTH_AFRICA']
